Traceback (most recent call last):
  File "/usr/share/miniconda/lib/python3.10/site-packages/jupyter_cache/executors/utils.py", line 58, in single_nb_execution
    executenb(
  File "/usr/share/miniconda/lib/python3.10/site-packages/nbclient/client.py", line 1305, in execute
    return NotebookClient(nb=nb, resources=resources, km=km, **kwargs).execute()
  File "/usr/share/miniconda/lib/python3.10/site-packages/jupyter_core/utils/__init__.py", line 166, in wrapped
    return loop.run_until_complete(inner)
  File "/usr/share/miniconda/lib/python3.10/asyncio/base_events.py", line 649, in run_until_complete
    return future.result()
  File "/usr/share/miniconda/lib/python3.10/site-packages/nbclient/client.py", line 705, in async_execute
    await self.async_execute_cell(
  File "/usr/share/miniconda/lib/python3.10/site-packages/nbclient/client.py", line 1058, in async_execute_cell
    await self._check_raise_for_error(cell, cell_index, exec_reply)
  File "/usr/share/miniconda/lib/python3.10/site-packages/nbclient/client.py", line 914, in _check_raise_for_error
    raise CellExecutionError.from_cell_and_msg(cell, exec_reply_content)
nbclient.exceptions.CellExecutionError: An error occurred while executing the following cell:
------------------
# SOLUTION FOR EXERCISE 4

# Using the default filenames from the website at the time of the writing of this tutorial:
diff1=fits.FITSDiff('Eleonora_0.fits','Eleonora_1468.2870040465345-1475.8494727152606_10.0-x-10.0_astrocut.fits',numdiffs=-1)
print(diff1.identical)
print(diff1.report())

# The only differences appera to be in "CHECKSUM" and "DATASUM" values, which seem to correspond to the 
# timestamps when the files were saved. Try ignoring those values. 
diff1_ignore=fits.FITSDiff('Eleonora_0.fits',
                           'Eleonora_1468.2870040465345-1475.8494727152606_10.0-x-10.0_astrocut.fits',
                           numdiffs=-1,ignore_keywords=['CHECKSUM','DATASUM'])
print(diff1_ignore.identical)
# Do the same for the other file.
diff2_ignore=fits.FITSDiff('Eleonora_1.fits',
                           'Eleonora_1945.4743041992188-1954.8493041992188_10.0-x-10.0_astrocut.fits',
                           numdiffs=-1,ignore_keywords=['CHECKSUM','DATASUM'])
print(diff2_ignore.identical)
------------------


[0;31m---------------------------------------------------------------------------[0m
[0;31mFileNotFoundError[0m                         Traceback (most recent call last)
File [0;32m/usr/share/miniconda/lib/python3.10/site-packages/astropy/io/fits/diff.py:310[0m, in [0;36mFITSDiff.__init__[0;34m(self, a, b, ignore_hdus, ignore_keywords, ignore_comments, ignore_fields, numdiffs, rtol, atol, ignore_blanks, ignore_blank_cards)[0m
[1;32m    309[0m [38;5;28;01mtry[39;00m:
[0;32m--> 310[0m     b [38;5;241m=[39m [43mfitsopen[49m[43m([49m[43mb[49m[43m)[49m
[1;32m    311[0m [38;5;28;01mexcept[39;00m [38;5;167;01mException[39;00m [38;5;28;01mas[39;00m exc:

File [0;32m/usr/share/miniconda/lib/python3.10/site-packages/astropy/io/fits/hdu/hdulist.py:214[0m, in [0;36mfitsopen[0;34m(name, mode, memmap, save_backup, cache, lazy_load_hdus, ignore_missing_simple, use_fsspec, fsspec_kwargs, **kwargs)[0m
[1;32m    212[0m     [38;5;28;01mraise[39;00m [38;5;167;01mValueError[39;00m([38;5;124mf[39m[38;5;124m"[39m[38;5;124mEmpty filename: [39m[38;5;132;01m{[39;00mname[38;5;132;01m!r}[39;00m[38;5;124m"[39m)
[0;32m--> 214[0m [38;5;28;01mreturn[39;00m [43mHDUList[49m[38;5;241;43m.[39;49m[43mfromfile[49m[43m([49m
[1;32m    215[0m [43m    [49m[43mname[49m[43m,[49m
[1;32m    216[0m [43m    [49m[43mmode[49m[43m,[49m
[1;32m    217[0m [43m    [49m[43mmemmap[49m[43m,[49m
[1;32m    218[0m [43m    [49m[43msave_backup[49m[43m,[49m
[1;32m    219[0m [43m    [49m[43mcache[49m[43m,[49m
[1;32m    220[0m [43m    [49m[43mlazy_load_hdus[49m[43m,[49m
[1;32m    221[0m [43m    [49m[43mignore_missing_simple[49m[43m,[49m
[1;32m    222[0m [43m    [49m[43muse_fsspec[49m[38;5;241;43m=[39;49m[43muse_fsspec[49m[43m,[49m
[1;32m    223[0m [43m    [49m[43mfsspec_kwargs[49m[38;5;241;43m=[39;49m[43mfsspec_kwargs[49m[43m,[49m
[1;32m    224[0m [43m    [49m[38;5;241;43m*[39;49m[38;5;241;43m*[39;49m[43mkwargs[49m[43m,[49m
[1;32m    225[0m [43m[49m[43m)[49m

File [0;32m/usr/share/miniconda/lib/python3.10/site-packages/astropy/io/fits/hdu/hdulist.py:482[0m, in [0;36mHDUList.fromfile[0;34m(cls, fileobj, mode, memmap, save_backup, cache, lazy_load_hdus, ignore_missing_simple, **kwargs)[0m
[1;32m    474[0m [38;5;250m[39m[38;5;124;03m"""[39;00m
[1;32m    475[0m [38;5;124;03mCreates an `HDUList` instance from a file-like object.[39;00m
[1;32m    476[0m 
[0;32m   (...)[0m
[1;32m    479[0m [38;5;124;03mdocumentation for details of the parameters accepted by this method).[39;00m
[1;32m    480[0m [38;5;124;03m"""[39;00m
[0;32m--> 482[0m [38;5;28;01mreturn[39;00m [38;5;28;43mcls[39;49m[38;5;241;43m.[39;49m[43m_readfrom[49m[43m([49m
[1;32m    483[0m [43m    [49m[43mfileobj[49m[38;5;241;43m=[39;49m[43mfileobj[49m[43m,[49m
[1;32m    484[0m [43m    [49m[43mmode[49m[38;5;241;43m=[39;49m[43mmode[49m[43m,[49m
[1;32m    485[0m [43m    [49m[43mmemmap[49m[38;5;241;43m=[39;49m[43mmemmap[49m[43m,[49m
[1;32m    486[0m [43m    [49m[43msave_backup[49m[38;5;241;43m=[39;49m[43msave_backup[49m[43m,[49m
[1;32m    487[0m [43m    [49m[43mcache[49m[38;5;241;43m=[39;49m[43mcache[49m[43m,[49m
[1;32m    488[0m [43m    [49m[43mignore_missing_simple[49m[38;5;241;43m=[39;49m[43mignore_missing_simple[49m[43m,[49m
[1;32m    489[0m [43m    [49m[43mlazy_load_hdus[49m[38;5;241;43m=[39;49m[43mlazy_load_hdus[49m[43m,[49m
[1;32m    490[0m [43m    [49m[38;5;241;43m*[39;49m[38;5;241;43m*[39;49m[43mkwargs[49m[43m,[49m
[1;32m    491[0m [43m[49m[43m)[49m

File [0;32m/usr/share/miniconda/lib/python3.10/site-packages/astropy/io/fits/hdu/hdulist.py:1170[0m, in [0;36mHDUList._readfrom[0;34m(cls, fileobj, data, mode, memmap, cache, lazy_load_hdus, ignore_missing_simple, use_fsspec, fsspec_kwargs, **kwargs)[0m
[1;32m   1168[0m [38;5;28;01mif[39;00m [38;5;129;01mnot[39;00m [38;5;28misinstance[39m(fileobj, _File):
[1;32m   1169[0m     [38;5;66;03m# instantiate a FITS file object (ffo)[39;00m
[0;32m-> 1170[0m     fileobj [38;5;241m=[39m [43m_File[49m[43m([49m
[1;32m   1171[0m [43m        [49m[43mfileobj[49m[43m,[49m
[1;32m   1172[0m [43m        [49m[43mmode[49m[38;5;241;43m=[39;49m[43mmode[49m[43m,[49m
[1;32m   1173[0m [43m        [49m[43mmemmap[49m[38;5;241;43m=[39;49m[43mmemmap[49m[43m,[49m
[1;32m   1174[0m [43m        [49m[43mcache[49m[38;5;241;43m=[39;49m[43mcache[49m[43m,[49m
[1;32m   1175[0m [43m        [49m[43muse_fsspec[49m[38;5;241;43m=[39;49m[43muse_fsspec[49m[43m,[49m
[1;32m   1176[0m [43m        [49m[43mfsspec_kwargs[49m[38;5;241;43m=[39;49m[43mfsspec_kwargs[49m[43m,[49m
[1;32m   1177[0m [43m    [49m[43m)[49m
[1;32m   1178[0m [38;5;66;03m# The Astropy mode is determined by the _File initializer if the[39;00m
[1;32m   1179[0m [38;5;66;03m# supplied mode was None[39;00m

File [0;32m/usr/share/miniconda/lib/python3.10/site-packages/astropy/io/fits/file.py:218[0m, in [0;36m_File.__init__[0;34m(self, fileobj, mode, memmap, overwrite, cache, use_fsspec, fsspec_kwargs)[0m
[1;32m    217[0m [38;5;28;01melif[39;00m [38;5;28misinstance[39m(fileobj, ([38;5;28mstr[39m, [38;5;28mbytes[39m)):
[0;32m--> 218[0m     [38;5;28;43mself[39;49m[38;5;241;43m.[39;49m[43m_open_filename[49m[43m([49m[43mfileobj[49m[43m,[49m[43m [49m[43mmode[49m[43m,[49m[43m [49m[43moverwrite[49m[43m)[49m
[1;32m    219[0m [38;5;28;01melse[39;00m:

File [0;32m/usr/share/miniconda/lib/python3.10/site-packages/astropy/io/fits/file.py:636[0m, in [0;36m_File._open_filename[0;34m(self, filename, mode, overwrite)[0m
[1;32m    635[0m [38;5;28;01mif[39;00m [38;5;129;01mnot[39;00m [38;5;28mself[39m[38;5;241m.[39m_try_read_compressed([38;5;28mself[39m[38;5;241m.[39mname, magic, mode, ext[38;5;241m=[39mext):
[0;32m--> 636[0m     [38;5;28mself[39m[38;5;241m.[39m_file [38;5;241m=[39m [38;5;28;43mopen[39;49m[43m([49m[38;5;28;43mself[39;49m[38;5;241;43m.[39;49m[43mname[49m[43m,[49m[43m [49m[43mIO_FITS_MODES[49m[43m[[49m[43mmode[49m[43m][49m[43m)[49m
[1;32m    637[0m     [38;5;28mself[39m[38;5;241m.[39mclose_on_error [38;5;241m=[39m [38;5;28;01mTrue[39;00m

[0;31mFileNotFoundError[0m: [Errno 2] No such file or directory: 'Eleonora_1468.2870040465345-1475.8494727152606_10.0-x-10.0_astrocut.fits'

During handling of the above exception, another exception occurred:

[0;31mOSError[0m                                   Traceback (most recent call last)
Cell [0;32mIn[7], line 4[0m
[1;32m      1[0m [38;5;66;03m# SOLUTION FOR EXERCISE 4[39;00m
[1;32m      2[0m 
[1;32m      3[0m [38;5;66;03m# Using the default filenames from the website at the time of the writing of this tutorial:[39;00m
[0;32m----> 4[0m diff1[38;5;241m=[39m[43mfits[49m[38;5;241;43m.[39;49m[43mFITSDiff[49m[43m([49m[38;5;124;43m'[39;49m[38;5;124;43mEleonora_0.fits[39;49m[38;5;124;43m'[39;49m[43m,[49m[38;5;124;43m'[39;49m[38;5;124;43mEleonora_1468.2870040465345-1475.8494727152606_10.0-x-10.0_astrocut.fits[39;49m[38;5;124;43m'[39;49m[43m,[49m[43mnumdiffs[49m[38;5;241;43m=[39;49m[38;5;241;43m-[39;49m[38;5;241;43m1[39;49m[43m)[49m
[1;32m      5[0m [38;5;28mprint[39m(diff1[38;5;241m.[39midentical)
[1;32m      6[0m [38;5;28mprint[39m(diff1[38;5;241m.[39mreport())

File [0;32m/usr/share/miniconda/lib/python3.10/site-packages/astropy/io/fits/diff.py:312[0m, in [0;36mFITSDiff.__init__[0;34m(self, a, b, ignore_hdus, ignore_keywords, ignore_comments, ignore_fields, numdiffs, rtol, atol, ignore_blanks, ignore_blank_cards)[0m
[1;32m    310[0m         b [38;5;241m=[39m fitsopen(b)
[1;32m    311[0m     [38;5;28;01mexcept[39;00m [38;5;167;01mException[39;00m [38;5;28;01mas[39;00m exc:
[0;32m--> 312[0m         [38;5;28;01mraise[39;00m [38;5;167;01mOSError[39;00m(
[1;32m    313[0m             [38;5;124m"[39m[38;5;124merror opening file b ([39m[38;5;132;01m{}[39;00m[38;5;124m): [39m[38;5;132;01m{}[39;00m[38;5;124m: [39m[38;5;132;01m{}[39;00m[38;5;124m"[39m[38;5;241m.[39mformat(
[1;32m    314[0m                 b, exc[38;5;241m.[39m[38;5;18m__class__[39m[38;5;241m.[39m[38;5;18m__name__[39m, exc[38;5;241m.[39margs[[38;5;241m0[39m]
[1;32m    315[0m             )
[1;32m    316[0m         )
[1;32m    317[0m     close_b [38;5;241m=[39m [38;5;28;01mTrue[39;00m
[1;32m    318[0m [38;5;28;01melse[39;00m:

[0;31mOSError[0m: error opening file b (Eleonora_1468.2870040465345-1475.8494727152606_10.0-x-10.0_astrocut.fits): FileNotFoundError: 2

